<?xml version="1.0" encoding="UTF-8"?>
<!-- Generated by org.testng.reporters.JUnitReportReporter -->
<testsuite hostname="Suresh" failures="0" tests="2" name="SK_selenium.tests.standAloneTest" time="15.160" errors="0" timestamp="2024-07-06T09:55:34 IST" skipped="0">
  <testcase classname="SK_selenium.tests.standAloneTest" name="E_CommerceTest" time="7.166"/>
  <testcase classname="SK_selenium.tests.standAloneTest" name="E_CommerceTest" time="7.994"/>
</testsuite> <!-- SK_selenium.tests.standAloneTest -->
