<?xml version="1.0" encoding="UTF-8"?>
<!-- Generated by org.testng.reporters.JUnitReportReporter -->
<testsuite hostname="Suresh" failures="0" tests="2" name="cucumber.TestNgTestRunner" time="15.019" errors="0" timestamp="2024-07-20T11:07:27 IST" skipped="0">
  <testcase classname="cucumber.TestNgTestRunner" name="runScenario" time="6.394"/>
  <testcase classname="cucumber.TestNgTestRunner" name="runScenario" time="8.625"/>
</testsuite> <!-- cucumber.TestNgTestRunner -->
