<?xml version="1.0" encoding="UTF-8"?>
<!-- Generated by org.testng.reporters.JUnitReportReporter -->
<testsuite hostname="Suresh" failures="0" tests="1" name="SK_selenium.standAloneTest" time="9.797" errors="0" timestamp="2024-07-05T11:09:54 IST" skipped="0">
  <testcase classname="SK_selenium.standAloneTest" name="E_Commerce" time="9.797"/>
</testsuite> <!-- SK_selenium.standAloneTest -->
