<?xml version="1.0" encoding="UTF-8"?>
<!-- Generated by org.testng.reporters.JUnitReportReporter -->
<testsuite hostname="Suresh" failures="0" tests="2" name="SK_selenium.ErrorValidations" time="7.379" errors="0" timestamp="2024-07-05T11:09:54 IST" skipped="0">
  <testcase classname="SK_selenium.ErrorValidations" name="LoginErrorValidation" time="2.016"/>
  <testcase classname="SK_selenium.ErrorValidations" name="ProductErrorVlidation" time="5.363"/>
</testsuite> <!-- SK_selenium.ErrorValidations -->
