<?xml version="1.0" encoding="UTF-8"?>
<!-- Generated by org.testng.reporters.JUnitReportReporter -->
<testsuite hostname="Suresh" failures="0" tests="1" name="SK_selenium.tests.ErrorValidations" time="7.957" errors="0" timestamp="2024-07-17T16:53:56 IST" skipped="0">
  <testcase classname="SK_selenium.tests.ErrorValidations" name="LoginErrorValidation" time="7.957"/>
</testsuite> <!-- SK_selenium.tests.ErrorValidations -->
