<?xml version="1.0" encoding="UTF-8"?>
<!-- Generated by org.testng.reporters.JUnitReportReporter -->
<testsuite hostname="Suresh" failures="0" tests="3" name="SK_selenium.tests.submitOrder" time="24.659" errors="0" timestamp="2024-07-17T21:34:23 IST" skipped="0">
  <testcase classname="SK_selenium.tests.submitOrder" name="E_CommerceTest" time="11.809"/>
  <testcase classname="SK_selenium.tests.submitOrder" name="E_CommerceTest" time="9.445"/>
  <testcase classname="SK_selenium.tests.submitOrder" name="OrderHistortTest" time="3.405"/>
</testsuite> <!-- SK_selenium.tests.submitOrder -->
