<?xml version="1.0" encoding="UTF-8"?>
<!-- Generated by org.testng.reporters.JUnitReportReporter -->
<testsuite hostname="Suresh" failures="0" tests="2" name="cucumber.TestNgTestRunner" time="20.265" errors="0" timestamp="2024-07-20T11:30:16 IST" skipped="0">
  <testcase classname="cucumber.TestNgTestRunner" name="runScenario" time="8.055"/>
  <testcase classname="cucumber.TestNgTestRunner" name="runScenario" time="12.210"/>
</testsuite> <!-- cucumber.TestNgTestRunner -->
