<?xml version="1.0" encoding="UTF-8"?>
<!-- Generated by org.testng.reporters.JUnitReportReporter -->
<testsuite hostname="Suresh" failures="0" tests="2" name="SK_selenium.tests.ErrorValidations" time="11.201" errors="0" timestamp="2024-07-17T21:34:23 IST" skipped="0">
  <testcase classname="SK_selenium.tests.ErrorValidations" name="ProductErrorVlidation" time="7.429"/>
  <testcase classname="SK_selenium.tests.ErrorValidations" name="LoginErrorValidation" time="3.772"/>
</testsuite> <!-- SK_selenium.tests.ErrorValidations -->
